2022-07-24T19:00:29.687Z
Storage Deployed to 0x1D73Ef4d0a8DF200B89357faaAedaD4B2D38d541
LottoController Deployed to 0x391e02Ed223771cdd68c9a7D8cAe044f77d38D10
PotController Deployed to 0xE6Cf8bd710a9a9aE60124eAe20325Ee194675c4e
SingleWinnerPotController Deployed to 0x07995335aDEc0AFbFCcEd1383Dc257e7A83823A6
Grotto Deployed to 0x01411Bf4aAF593312b97b51F801C05835fa4de35
Reader Deployed to 0xABf057159451a245De520CC3936a92C72E45DEfb
------------------------------------------------------------------------------------
2022-07-07T12:55:03.947Z
Storage Deployed to 0xfc4D05c9c2d85caf3422182e846A4FE028c6908d
LottoController Deployed to 0xe0f3074d49Ee0D0897CAfec9e3faC8A2f1b94768
PotController Deployed to 0x8eDd1262ca3eF7b487898eaa476f16aC846e3685
SingleWinnerPotController Deployed to 0x7831640ED792cd393b9b5A0dbebA5894c762389A
Grotto Deployed to 0x200535110323335F0daf18a4672099e3D893cF31
Reader Deployed to 0x2F77899D2729C5b804a739f6bcc2De07EeAA9162
------------------------------------------------------------------------------------
2022-06-28T17:41:43.937Z
Storage Deployed to 0x3FF9EB24d97766758E1c28CC06D6C6d167A128C5
LottoController Deployed to 0xdd5899F9719bd5401A373c3473B4D525A02B1e52
PotController Deployed to 0x03286AD8a9FEF3f541F4cD181B9969686F163C68
SingleWinnerPotController Deployed to 0x0175393ea14E76fDeF3a3b5C26322F9c97BBc779
Grotto Deployed to 0xc11137316346338f87233DfdE96ba446f09e149B
Reader Deployed to 0xf6050f8aa1030Bb3eC7FcC153b3613Df9F41BEaB
------------------------------------------------------------------------------------
2022-06-23T19:14:19.283Z
LottoController Deployed to 0x6022004045Aaa254094AC8006e8EC87215278F96
PotController Deployed to 0x2577B53a058662EAECbf73Eb6560d96811d324e1
SingleWinnerPotController Deployed to 0x936eF0D2f09b36d2f5C4f12C4BC46CFC5CCe05c5
Grotto Deployed to 0xe8C47b7449Ec744106A64C89d519186D9c396F81
Reader Deployed to 0x4821a02CdE0155f39186043603ad5702A69bAaa1
------------------------------------------------------------------------------------

LottoController Deployed to 0xa7e3B27cAa7f45da368CbcB39F84B265a92Db9d9
PotController Deployed to 0x911626fF2d3B6d967aF5D056470D6f3E94252252
SingleWinnerPotController Deployed to 0x9962eA0E20E4b942d44A501C6d83551F0bb850Cd
Grotto Deployed to 0x0D4b09b3cb5A088AE205AcA696595ff6ECe8b49d
Reader Deployed to 0xd4a278F1179f1E750411eB2FF07574aFce447824
2022-06-23T08:43:03.544Z
------------------------------------------------------------------------------------

LottoController Deployed to 0x5064d9487C281D9aa5aaeB4d71AB7bec253A4e3b
PotController Deployed to 0xaBBfCF53947f02b69D9CcfcA818371566168e1da
SingleWinnerPotController Deployed to 0x9187e2af5cF797Dcf5C4Cf800c6aA9ff0681C86a
Grotto Deployed to 0x13167402F4d2d7dE7Aa4C162766f3795758D6aA3
Reader Deployed to 0x0Aa91Cba94C9F7A32F09396AafFBEDA0FF457F95
2022-06-22T10:00:31.875Z
------------------------------------------------------------------------------------

LottoController Deployed to 0xdDBc50A7Fd7Fc34f8D1553A057Cefe9FF41ae214
PotController Deployed to 0xc33eAE3960C4DA19B49DBf7dCd0ffbE5A06cF429
SingleWinnerPotController Deployed to 0x044A8a263a41491601c5664266CcB7f2c960C255
Grotto Deployed to 0x9a3F51F2b493b88c7952d00D591761A5CAaDe80A
Reader Deployed to 0x9a3F51F2b493b88c7952d00D591761A5CAaDe80A
2022-06-22T09:50:34.407Z
------------------------------------------------------------------------------------

Controller Deployed to 0x9fE46736679d2D9a65F0992F2272dE9f3c7fa6e0
Grotto Deployed to 0xDc64a140Aa3E981100a9becA4E685f962f0cF6C9